[2026-06-30T16:58:55.033Z][info] Extension disconnected — clearing presence.
[2026-06-30T16:58:55.059Z][rpc] Disconnected (1521557457699078214)
[2026-06-30T16:58:55.939Z][info] Native host started — pid=3004 — 2 activity(s) loaded.
[2026-06-30T16:59:03.647Z][info] Extension disconnected — clearing presence.
[2026-06-30T16:59:03.773Z][info] Native host started — pid=24804 — 2 activity(s) loaded.
[2026-06-30T16:59:03.780Z][rpc] Connected — clawb1t (1521557457699078214)
[2026-06-30T16:59:03.780Z][rpc] SET_ACTIVITY → {"type":3,"name":"So about that $3,000 Prototype Steam Deck...","details":"Bringus Studios","state":"Watching","instance":false,"timestamps":{"start":1782837382,"end":1782839561},"assets":{"large_image":"https://i.ytimg.com/vi/ZILXRqTEl3g/mqdefault.jpg","large_text":"So about that $3,000 Prototype Steam Deck...","small_image":"playing","small_text":"Watching"},"buttons":[{"label":"Watch Video","url":"https://www.youtube.com/watch?v=ZILXRqTEl3g&t=1147s"},{"label":"View Channel","url":"https://www.youtube.com/@BringusStudios"}]}
[2026-06-30T17:03:55.485Z][rpc] SET_ACTIVITY → {"type":3,"name":"So about that $3,000 Prototype Steam Deck...","details":"Bringus Studios","state":"⏸ Paused","instance":false,"assets":{"large_image":"https://i.ytimg.com/vi/ZILXRqTEl3g/mqdefault.jpg","large_text":"So about that $3,000 Prototype Steam Deck...","small_image":"paused","small_text":"Paused"},"buttons":[{"label":"Watch Video","url":"https://www.youtube.com/watch?v=ZILXRqTEl3g&t=1147s"},{"label":"View Channel","url":"https://www.youtube.com/@BringusStudios"}]}
[2026-06-30T17:04:11.060Z][rpc] Connected — clawb1t (1521199365186785360)
[2026-06-30T17:04:11.061Z][rpc] SET_ACTIVITY → {"type":2,"name":"Buildin Shake","details":"Venz & Haitch","state":"YouTube Music","instance":false,"timestamps":{"start":1782839000,"end":1782839219},"assets":{"large_image":"https://yt3.googleusercontent.com/ulMKRaQxFzEuNWizSxSGodBaEsQyVSOsM5IpcfA8ytlg5hhN5PGpdRSxid_G2GWMHNdaMpAYyopeTpXR=w500-h500","large_text":"Buildin Shake","small_image":"playing","small_text":"Playing"},"buttons":[{"label":"Listen on YouTube Music","url":"https://music.youtube.com/search?q=buildin+shake"}]}
[2026-06-30T17:04:22.079Z][rpc] SET_ACTIVITY → {"type":3,"name":"So about that $3,000 Prototype Steam Deck...","details":"Bringus Studios","state":"⏸ Paused","instance":false,"assets":{"large_image":"https://i.ytimg.com/vi/ZILXRqTEl3g/mqdefault.jpg","large_text":"So about that $3,000 Prototype Steam Deck...","small_image":"paused","small_text":"Paused"},"buttons":[{"label":"Watch Video","url":"https://www.youtube.com/watch?v=ZILXRqTEl3g&t=1147s"},{"label":"View Channel","url":"https://www.youtube.com/@BringusStudios"}]}
[2026-06-30T17:04:25.846Z][rpc] SET_ACTIVITY → {"type":2,"name":"Buildin Shake","details":"Venz & Haitch","state":"YouTube Music","instance":false,"timestamps":{"start":1782839014,"end":1782839233},"assets":{"large_image":"https://yt3.googleusercontent.com/ulMKRaQxFzEuNWizSxSGodBaEsQyVSOsM5IpcfA8ytlg5hhN5PGpdRSxid_G2GWMHNdaMpAYyopeTpXR=w500-h500","large_text":"Buildin Shake","small_image":"playing","small_text":"Playing"},"buttons":[{"label":"Listen on YouTube Music","url":"https://music.youtube.com/search?q=buildin+shake"}]}
[2026-06-30T17:04:43.903Z][info] Extension disconnected — clearing presence.
[2026-06-30T17:04:43.926Z][rpc] Disconnected (1521557457699078214)
[2026-06-30T17:04:43.932Z][rpc] Disconnected (1521199365186785360)
[2026-06-30T17:04:44.040Z][info] Native host started — pid=4392 — 2 activity(s) loaded.
[2026-06-30T17:04:44.046Z][rpc] Connected — clawb1t (1521557457699078214)
[2026-06-30T17:04:44.047Z][rpc] SET_ACTIVITY → {"type":3,"name":"So about that $3,000 Prototype Steam Deck...","details":"Bringus Studios","state":"⏸ Paused","instance":false,"assets":{"large_image":"https://i.ytimg.com/vi/ZILXRqTEl3g/mqdefault.jpg","large_text":"So about that $3,000 Prototype Steam Deck...","small_image":"paused","small_text":"Paused"},"buttons":[{"label":"Watch Video","url":"https://www.youtube.com/watch?v=ZILXRqTEl3g&t=1147s"},{"label":"View Channel","url":"https://www.youtube.com/@BringusStudios"}]}
[2026-06-30T17:05:23.554Z][rpc] Connected — clawb1t (1521199365186785360)
[2026-06-30T17:05:23.555Z][rpc] SET_ACTIVITY → {"type":2,"name":"Buildin Shake","details":"Venz & Haitch","state":"YouTube Music","instance":false,"timestamps":{"start":1782839038,"end":1782839257},"assets":{"large_image":"https://yt3.googleusercontent.com/ulMKRaQxFzEuNWizSxSGodBaEsQyVSOsM5IpcfA8ytlg5hhN5PGpdRSxid_G2GWMHNdaMpAYyopeTpXR=w500-h500","large_text":"Buildin Shake","small_image":"playing","small_text":"Playing"},"buttons":[{"label":"Listen on YouTube Music","url":"https://music.youtube.com/search?q=buildin+shake"}]}
[2026-06-30T17:06:58.008Z][rpc] SET_ACTIVITY → {"type":2,"name":"My Destiny (2026 Edit)","details":"Delinquent, KCAT & Mike Delinquent Project","state":"My Destiny","instance":false,"timestamps":{"start":1782838999,"end":1782839238},"assets":{"large_image":"https://yt3.googleusercontent.com/ulMKRaQxFzEuNWizSxSGodBaEsQyVSOsM5IpcfA8ytlg5hhN5PGpdRSxid_G2GWMHNdaMpAYyopeTpXR=w500-h500","large_text":"My Destiny (2026 Edit)","small_image":"playing","small_text":"Playing"},"buttons":[{"label":"Listen on YouTube Music","url":"https://music.youtube.com/search?q=buildin+shake"}]}
[2026-06-30T17:09:00.253Z][info] Extension disconnected — clearing presence.
[2026-06-30T17:09:00.277Z][rpc] Disconnected (1521557457699078214)
[2026-06-30T17:09:00.283Z][rpc] Disconnected (1521199365186785360)
[2026-06-30T17:09:00.392Z][info] Native host started — pid=3676 — 2 activity(s) loaded.
[2026-06-30T17:09:00.398Z][rpc] Connected — clawb1t (1521557457699078214)
[2026-06-30T17:09:00.399Z][rpc] SET_ACTIVITY → {"type":3,"name":"So about that $3,000 Prototype Steam Deck...","details":"Bringus Studios","state":"⏸ Paused","instance":false,"assets":{"large_image":"https://i.ytimg.com/vi/ZILXRqTEl3g/mqdefault.jpg","large_text":"So about that $3,000 Prototype Steam Deck...","small_image":"paused","small_text":"Paused"},"buttons":[{"label":"Watch Video","url":"https://www.youtube.com/watch?v=ZILXRqTEl3g&t=1147s"},{"label":"View Channel","url":"https://www.youtube.com/@BringusStudios"}]}
[2026-06-30T17:09:11.787Z][info] Extension disconnected — clearing presence.
[2026-06-30T17:09:11.807Z][rpc] Disconnected (1521557457699078214)
[2026-06-30T17:09:12.696Z][info] Native host started — pid=17308 — 2 activity(s) loaded.
[2026-06-30T17:09:14.496Z][info] Extension disconnected — clearing presence.
[2026-06-30T17:09:14.634Z][info] Native host started — pid=26216 — 2 activity(s) loaded.
[2026-06-30T17:09:14.640Z][rpc] Connected — clawb1t (1521557457699078214)
[2026-06-30T17:09:14.640Z][rpc] SET_ACTIVITY → {"type":3,"name":"So about that $3,000 Prototype Steam Deck...","details":"Bringus Studios","state":"⏸ Paused","instance":false,"assets":{"large_image":"https://i.ytimg.com/vi/ZILXRqTEl3g/mqdefault.jpg","large_text":"So about that $3,000 Prototype Steam Deck...","small_image":"paused","small_text":"Paused"},"buttons":[{"label":"Watch Video","url":"https://www.youtube.com/watch?v=ZILXRqTEl3g&t=1147s"},{"label":"View Channel","url":"https://www.youtube.com/@BringusStudios"}]}
[2026-06-30T17:09:26.548Z][rpc] Connected — clawb1t (1521199365186785360)
[2026-06-30T17:09:26.549Z][rpc] SET_ACTIVITY → {"type":2,"name":"Pressure FM (is your boss being a prick at work?)","details":"Jack Marlow & Phantom Records","state":"hat-trick","instance":false,"timestamps":{"start":1782838998,"end":1782839395},"assets":{"large_image":"https://yt3.googleusercontent.com/ulMKRaQxFzEuNWizSxSGodBaEsQyVSOsM5IpcfA8ytlg5hhN5PGpdRSxid_G2GWMHNdaMpAYyopeTpXR=w500-h500","large_text":"Pressure FM (is your boss being a prick at work?)","small_image":"playing","small_text":"Playing"},"buttons":[{"label":"Listen on YouTube Music","url":"https://music.youtube.com/search?q=buildin+shake"}]}
[2026-06-30T17:10:35.016Z][rpc] SET_ACTIVITY → {"type":2,"name":"Doki Doki Forever","details":"OR3O","state":"YouTube Music","instance":false,"timestamps":{"start":1782839434,"end":1782839614},"assets":{"large_image":"https://yt3.googleusercontent.com/ulMKRaQxFzEuNWizSxSGodBaEsQyVSOsM5IpcfA8ytlg5hhN5PGpdRSxid_G2GWMHNdaMpAYyopeTpXR=w500-h500","large_text":"Doki Doki Forever","small_image":"playing","small_text":"Playing"},"buttons":[{"label":"Listen on YouTube Music","url":"https://music.youtube.com/playlist?list=PL2trSvlFU0Tcd159vnjemPYrTX2lIF9bm"}]}
[2026-06-30T17:10:45.407Z][info] Extension disconnected — clearing presence.
[2026-06-30T17:10:45.437Z][rpc] Disconnected (1521557457699078214)
[2026-06-30T17:10:45.443Z][rpc] Disconnected (1521199365186785360)
[2026-06-30T17:10:46.308Z][info] Native host started — pid=3960 — 2 activity(s) loaded.
[2026-06-30T17:10:50.422Z][info] Extension disconnected — clearing presence.
[2026-06-30T17:10:50.555Z][info] Native host started — pid=5088 — 2 activity(s) loaded.
[2026-06-30T17:10:50.574Z][rpc] Connected — clawb1t (1521557457699078214)
[2026-06-30T17:10:50.574Z][rpc] SET_ACTIVITY → {"type":3,"name":"So about that $3,000 Prototype Steam Deck...","details":"Bringus Studios","state":"⏸ Paused","instance":false,"assets":{"large_image":"https://i.ytimg.com/vi/ZILXRqTEl3g/mqdefault.jpg","large_text":"So about that $3,000 Prototype Steam Deck...","small_image":"paused","small_text":"Paused"},"buttons":[{"label":"Watch Video","url":"https://www.youtube.com/watch?v=ZILXRqTEl3g&t=1147s"},{"label":"View Channel","url":"https://www.youtube.com/@BringusStudios"}]}
[2026-06-30T17:10:54.331Z][rpc] Connected — clawb1t (1521199365186785360)
[2026-06-30T17:10:54.332Z][rpc] SET_ACTIVITY → {"type":2,"name":"Doki Doki Forever","details":"OR3O","state":"YouTube Music","instance":false,"timestamps":{"start":1782839438,"end":1782839618},"assets":{"large_image":"https://yt3.googleusercontent.com/ulMKRaQxFzEuNWizSxSGodBaEsQyVSOsM5IpcfA8ytlg5hhN5PGpdRSxid_G2GWMHNdaMpAYyopeTpXR=w500-h500","large_text":"Doki Doki Forever","small_image":"playing","small_text":"Playing"},"buttons":[{"label":"Listen on YouTube Music","url":"https://music.youtube.com/playlist?list=PL2trSvlFU0Tcd159vnjemPYrTX2lIF9bm"}]}
[2026-06-30T17:10:57.920Z][rpc] SET_ACTIVITY → {"type":3,"name":"So about that $3,000 Prototype Steam Deck...","details":"Bringus Studios","state":"⏸ Paused","instance":false,"assets":{"large_image":"https://i.ytimg.com/vi/ZILXRqTEl3g/mqdefault.jpg","large_text":"So about that $3,000 Prototype Steam Deck...","small_image":"paused","small_text":"Paused"},"buttons":[{"label":"Watch Video","url":"https://www.youtube.com/watch?v=ZILXRqTEl3g&t=1147s"},{"label":"View Channel","url":"https://www.youtube.com/@BringusStudios"}]}
[2026-06-30T17:10:59.222Z][rpc] SET_ACTIVITY → {"type":2,"name":"Doki Doki Forever","details":"OR3O","state":"YouTube Music","instance":false,"timestamps":{"start":1782839443,"end":1782839623},"assets":{"large_image":"https://yt3.googleusercontent.com/ulMKRaQxFzEuNWizSxSGodBaEsQyVSOsM5IpcfA8ytlg5hhN5PGpdRSxid_G2GWMHNdaMpAYyopeTpXR=w500-h500","large_text":"Doki Doki Forever","small_image":"playing","small_text":"Playing"},"buttons":[{"label":"Listen on YouTube Music","url":"https://music.youtube.com/playlist?list=PL2trSvlFU0Tcd159vnjemPYrTX2lIF9bm"}]}
[2026-06-30T17:11:04.506Z][rpc] SET_ACTIVITY → {"type":2,"name":"She's Mikudayo! (feat. Hatsune Miku)","details":"ilyeucli","state":"She's Mikudayo!","instance":false,"timestamps":{"start":1782839463,"end":1782839543},"assets":{"large_image":"https://yt3.googleusercontent.com/ulMKRaQxFzEuNWizSxSGodBaEsQyVSOsM5IpcfA8ytlg5hhN5PGpdRSxid_G2GWMHNdaMpAYyopeTpXR=w500-h500","large_text":"She's Mikudayo! (feat. Hatsune Miku)","small_image":"playing","small_text":"Playing"},"buttons":[{"label":"Listen on YouTube Music","url":"https://music.youtube.com/playlist?list=PL2trSvlFU0Tcd159vnjemPYrTX2lIF9bm"}]}
[2026-06-30T17:11:06.730Z][rpc] SET_ACTIVITY → {"type":3,"name":"So about that $3,000 Prototype Steam Deck...","details":"Bringus Studios","state":"⏸ Paused","instance":false,"assets":{"large_image":"https://i.ytimg.com/vi/ZILXRqTEl3g/mqdefault.jpg","large_text":"So about that $3,000 Prototype Steam Deck...","small_image":"paused","small_text":"Paused"},"buttons":[{"label":"Watch Video","url":"https://www.youtube.com/watch?v=ZILXRqTEl3g&t=1147s"},{"label":"View Channel","url":"https://www.youtube.com/@BringusStudios"}]}
[2026-06-30T17:11:08.749Z][rpc] SET_ACTIVITY → {"type":2,"name":"Doki Doki Forever","details":"OR3O","state":"YouTube Music","instance":false,"timestamps":{"start":1782839467,"end":1782839647},"assets":{"large_image":"https://yt3.googleusercontent.com/ulMKRaQxFzEuNWizSxSGodBaEsQyVSOsM5IpcfA8ytlg5hhN5PGpdRSxid_G2GWMHNdaMpAYyopeTpXR=w500-h500","large_text":"Doki Doki Forever","small_image":"playing","small_text":"Playing"},"buttons":[{"label":"Listen on YouTube Music","url":"https://music.youtube.com/playlist?list=PL2trSvlFU0Tcd159vnjemPYrTX2lIF9bm"}]}
[2026-06-30T17:11:13.006Z][rpc] SET_ACTIVITY → {"type":2,"name":"too much","details":"otuka","state":"YouTube Music","instance":false,"timestamps":{"start":1782839472,"end":1782839633},"assets":{"large_image":"https://yt3.googleusercontent.com/ulMKRaQxFzEuNWizSxSGodBaEsQyVSOsM5IpcfA8ytlg5hhN5PGpdRSxid_G2GWMHNdaMpAYyopeTpXR=w500-h500","large_text":"too much","small_image":"playing","small_text":"Playing"},"buttons":[{"label":"Listen on YouTube Music","url":"https://music.youtube.com/playlist?list=PL2trSvlFU0Tcd159vnjemPYrTX2lIF9bm"}]}
[2026-06-30T17:11:17.778Z][rpc] SET_ACTIVITY → {"type":2,"name":"Doki Doki Forever","details":"OR3O","state":"YouTube Music","instance":false,"timestamps":{"start":1782839476,"end":1782839656},"assets":{"large_image":"https://yt3.googleusercontent.com/ulMKRaQxFzEuNWizSxSGodBaEsQyVSOsM5IpcfA8ytlg5hhN5PGpdRSxid_G2GWMHNdaMpAYyopeTpXR=w500-h500","large_text":"Doki Doki Forever","small_image":"playing","small_text":"Playing"},"buttons":[{"label":"Listen on YouTube Music","url":"https://music.youtube.com/playlist?list=PL2trSvlFU0Tcd159vnjemPYrTX2lIF9bm"}]}
[2026-06-30T17:12:14.739Z][rpc] SET_ACTIVITY → {"type":2,"name":"Sometimes","details":"Mattyeux, Princess Chelsea & Videoclub","state":"YouTube Music","instance":false,"timestamps":{"start":1782839534,"end":1782839744},"assets":{"large_image":"https://yt3.googleusercontent.com/ulMKRaQxFzEuNWizSxSGodBaEsQyVSOsM5IpcfA8ytlg5hhN5PGpdRSxid_G2GWMHNdaMpAYyopeTpXR=w500-h500","large_text":"Sometimes","small_image":"playing","small_text":"Playing"},"buttons":[{"label":"Listen on YouTube Music","url":"https://music.youtube.com/playlist?list=LM"}]}
[2026-06-30T17:13:05.448Z][rpc] SET_ACTIVITY → {"type":2,"name":"Doki Doki Forever","details":"OR3O","state":"YouTube Music","instance":false,"timestamps":{"start":1782839584,"end":1782839764},"assets":{"large_image":"https://yt3.googleusercontent.com/ulMKRaQxFzEuNWizSxSGodBaEsQyVSOsM5IpcfA8ytlg5hhN5PGpdRSxid_G2GWMHNdaMpAYyopeTpXR=w500-h500","large_text":"Doki Doki Forever","small_image":"playing","small_text":"Playing"},"buttons":[{"label":"Listen on YouTube Music","url":"https://music.youtube.com/playlist?list=PL2trSvlFU0Tcd159vnjemPYrTX2lIF9bm"}]}
[2026-06-30T17:13:07.622Z][rpc] Disconnected (1521199365186785360)
[2026-06-30T17:13:07.623Z][rpc] Disconnected (1521557457699078214)
[2026-06-30T17:13:22.188Z][info] Extension disconnected — clearing presence.
[2026-06-30T17:13:23.097Z][info] Native host started — pid=26784 — 2 activity(s) loaded.
[2026-06-30T17:13:29.441Z][info] Extension disconnected — clearing presence.
[2026-06-30T17:13:29.593Z][info] Native host started — pid=28972 — 2 activity(s) loaded.
[2026-06-30T17:13:29.786Z][rpc] Connected — clawb1t (1521557457699078214)
[2026-06-30T17:13:29.787Z][rpc] SET_ACTIVITY → {"type":3,"name":"So about that $3,000 Prototype Steam Deck...","details":"Bringus Studios","state":"⏸ Paused","instance":false,"assets":{"large_image":"https://i.ytimg.com/vi/ZILXRqTEl3g/mqdefault.jpg","large_text":"So about that $3,000 Prototype Steam Deck...","small_image":"paused","small_text":"Paused"},"buttons":[{"label":"Watch Video","url":"https://www.youtube.com/watch?v=ZILXRqTEl3g&t=1147s"},{"label":"View Channel","url":"https://www.youtube.com/@BringusStudios"}]}
[2026-06-30T17:13:29.936Z][rpc] Connected — clawb1t (1521199365186785360)
[2026-06-30T17:13:29.936Z][rpc] SET_ACTIVITY → {"type":2,"name":"Doki Doki Forever","details":"OR3O","state":"YouTube Music","instance":false,"timestamps":{"start":1782839584,"end":1782839764},"assets":{"large_image":"https://yt3.googleusercontent.com/ulMKRaQxFzEuNWizSxSGodBaEsQyVSOsM5IpcfA8ytlg5hhN5PGpdRSxid_G2GWMHNdaMpAYyopeTpXR=w500-h500","large_text":"Doki Doki Forever","small_image":"playing","small_text":"Playing"},"buttons":[{"label":"Listen on YouTube Music","url":"https://music.youtube.com/playlist?list=PL2trSvlFU0Tcd159vnjemPYrTX2lIF9bm"}]}
[2026-06-30T17:13:55.692Z][rpc] SET_ACTIVITY → {"type":3,"name":"So about that $3,000 Prototype Steam Deck...","details":"Bringus Studios","state":"Watching","instance":false,"timestamps":{"start":1782837984,"end":1782840163},"assets":{"large_image":"https://i.ytimg.com/vi/ZILXRqTEl3g/mqdefault.jpg","large_text":"So about that $3,000 Prototype Steam Deck...","small_image":"playing","small_text":"Watching"},"buttons":[{"label":"Watch Video","url":"https://www.youtube.com/watch?v=ZILXRqTEl3g&t=1147s"},{"label":"View Channel","url":"https://www.youtube.com/@BringusStudios"}]}
[2026-06-30T17:13:57.734Z][rpc] SET_ACTIVITY → {"type":2,"name":"She's Mikudayo! (feat. Hatsune Miku)","details":"ilyeucli","state":"She's Mikudayo!","instance":false,"timestamps":{"start":1782839636,"end":1782839716},"assets":{"large_image":"https://yt3.googleusercontent.com/ulMKRaQxFzEuNWizSxSGodBaEsQyVSOsM5IpcfA8ytlg5hhN5PGpdRSxid_G2GWMHNdaMpAYyopeTpXR=w500-h500","large_text":"She's Mikudayo! (feat. Hatsune Miku)","small_image":"playing","small_text":"Playing"},"buttons":[{"label":"Listen on YouTube Music","url":"https://music.youtube.com/watch?v=PleQtq7xf_E&list=PL2trSvlFU0Tcd159vnjemPYrTX2lIF9bm"}]}
[2026-06-30T17:14:06.589Z][rpc] SET_ACTIVITY → {"type":2,"name":"Doki Doki Forever","details":"OR3O","state":"YouTube Music","instance":false,"timestamps":{"start":1782839645,"end":1782839825},"assets":{"large_image":"https://yt3.googleusercontent.com/ulMKRaQxFzEuNWizSxSGodBaEsQyVSOsM5IpcfA8ytlg5hhN5PGpdRSxid_G2GWMHNdaMpAYyopeTpXR=w500-h500","large_text":"Doki Doki Forever","small_image":"playing","small_text":"Playing"},"buttons":[{"label":"Listen on YouTube Music","url":"https://music.youtube.com/playlist?list=PL2trSvlFU0Tcd159vnjemPYrTX2lIF9bm"}]}
[2026-06-30T17:14:39.002Z][rpc] SET_ACTIVITY → {"type":3,"name":"So about that $3,000 Prototype Steam Deck...","details":"Bringus Studios","state":"⏸ Paused","instance":false,"assets":{"large_image":"https://i.ytimg.com/vi/ZILXRqTEl3g/mqdefault.jpg","large_text":"So about that $3,000 Prototype Steam Deck...","small_image":"paused","small_text":"Paused"},"buttons":[{"label":"Watch Video","url":"https://www.youtube.com/watch?v=ZILXRqTEl3g&t=1147s"},{"label":"View Channel","url":"https://www.youtube.com/@BringusStudios"}]}
[2026-06-30T17:14:39.659Z][rpc] SET_ACTIVITY → {"type":2,"name":"Doki Doki Forever","details":"OR3O","state":"YouTube Music","instance":false,"timestamps":{"start":1782839678,"end":1782839858},"assets":{"large_image":"https://yt3.googleusercontent.com/ulMKRaQxFzEuNWizSxSGodBaEsQyVSOsM5IpcfA8ytlg5hhN5PGpdRSxid_G2GWMHNdaMpAYyopeTpXR=w500-h500","large_text":"Doki Doki Forever","small_image":"playing","small_text":"Playing"},"buttons":[{"label":"Listen on YouTube Music","url":"https://music.youtube.com/playlist?list=PL2trSvlFU0Tcd159vnjemPYrTX2lIF9bm"}]}
[2026-06-30T17:14:55.386Z][rpc] SET_ACTIVITY → {"type":2,"name":"She's Mikudayo! (feat. Hatsune Miku)","details":"ilyeucli","state":"She's Mikudayo!","instance":false,"timestamps":{"start":1782839694,"end":1782839774},"assets":{"large_image":"https://yt3.googleusercontent.com/ulMKRaQxFzEuNWizSxSGodBaEsQyVSOsM5IpcfA8ytlg5hhN5PGpdRSxid_G2GWMHNdaMpAYyopeTpXR=w500-h500","large_text":"She's Mikudayo! (feat. Hatsune Miku)","small_image":"playing","small_text":"Playing"},"buttons":[{"label":"Listen on YouTube Music","url":"https://music.youtube.com/playlist?list=PL2trSvlFU0Tcd159vnjemPYrTX2lIF9bm"}]}
[2026-06-30T17:14:59.402Z][rpc] SET_ACTIVITY → {"type":3,"name":"So about that $3,000 Prototype Steam Deck...","details":"Bringus Studios","state":"⏸ Paused","instance":false,"assets":{"large_image":"https://i.ytimg.com/vi/ZILXRqTEl3g/mqdefault.jpg","large_text":"So about that $3,000 Prototype Steam Deck...","small_image":"paused","small_text":"Paused"},"buttons":[{"label":"Watch Video","url":"https://www.youtube.com/watch?v=ZILXRqTEl3g&t=1147s"},{"label":"View Channel","url":"https://www.youtube.com/@BringusStudios"}]}
[2026-06-30T17:15:01.444Z][rpc] SET_ACTIVITY → {"type":2,"name":"there she goes","details":"Ezekiel","state":"YouTube Music","instance":false,"timestamps":{"start":1782839700,"end":1782839863},"assets":{"large_image":"https://yt3.googleusercontent.com/ulMKRaQxFzEuNWizSxSGodBaEsQyVSOsM5IpcfA8ytlg5hhN5PGpdRSxid_G2GWMHNdaMpAYyopeTpXR=w500-h500","large_text":"there she goes","small_image":"playing","small_text":"Playing"},"buttons":[{"label":"Listen on YouTube Music","url":"https://music.youtube.com/playlist?list=PL2trSvlFU0Tcd159vnjemPYrTX2lIF9bm"}]}
[2026-06-30T17:17:43.496Z][rpc] SET_ACTIVITY → {"type":2,"name":"too much","details":"otuka","state":"YouTube Music","instance":false,"timestamps":{"start":1782839700,"end":1782839892},"assets":{"large_image":"https://yt3.googleusercontent.com/ulMKRaQxFzEuNWizSxSGodBaEsQyVSOsM5IpcfA8ytlg5hhN5PGpdRSxid_G2GWMHNdaMpAYyopeTpXR=w500-h500","large_text":"too much","small_image":"playing","small_text":"Playing"},"buttons":[{"label":"Listen on YouTube Music","url":"https://music.youtube.com/playlist?list=PL2trSvlFU0Tcd159vnjemPYrTX2lIF9bm"}]}
[2026-06-30T17:18:08.305Z][info] Extension disconnected — clearing presence.
[2026-06-30T17:18:08.317Z][rpc] Disconnected (1521557457699078214)
[2026-06-30T17:18:08.325Z][rpc] Disconnected (1521199365186785360)
[2026-06-30T17:18:08.460Z][info] Native host started — pid=25332 — 2 activity(s) loaded.
[2026-06-30T17:18:08.467Z][rpc] Connected — clawb1t (1521557457699078214)
[2026-06-30T17:18:08.467Z][rpc] SET_ACTIVITY → {"type":3,"name":"So about that $3,000 Prototype Steam Deck...","details":"Bringus Studios","state":"⏸ Paused","instance":false,"assets":{"large_image":"https://i.ytimg.com/vi/ZILXRqTEl3g/mqdefault.jpg","large_text":"So about that $3,000 Prototype Steam Deck...","small_image":"paused","small_text":"Paused"},"buttons":[{"label":"Watch Video","url":"https://www.youtube.com/watch?v=ZILXRqTEl3g&t=1147s"},{"label":"View Channel","url":"https://www.youtube.com/@BringusStudios"}]}
[2026-06-30T17:18:13.358Z][rpc] Connected — clawb1t (1521199365186785360)
[2026-06-30T17:18:13.359Z][rpc] SET_ACTIVITY → {"type":2,"name":"too much","details":"otuka","state":"YouTube Music","instance":false,"timestamps":{"start":1782839705,"end":1782839947},"assets":{"large_image":"https://yt3.googleusercontent.com/ulMKRaQxFzEuNWizSxSGodBaEsQyVSOsM5IpcfA8ytlg5hhN5PGpdRSxid_G2GWMHNdaMpAYyopeTpXR=w500-h500","large_text":"too much","small_image":"playing","small_text":"Playing"},"buttons":[{"label":"Listen on YouTube Music","url":"https://music.youtube.com/playlist?list=PL2trSvlFU0Tcd159vnjemPYrTX2lIF9bm"}]}
[2026-06-30T17:18:15.840Z][info] Extension disconnected — clearing presence.
[2026-06-30T17:18:15.853Z][rpc] Disconnected (1521557457699078214)
[2026-06-30T17:18:15.859Z][rpc] Disconnected (1521199365186785360)
[2026-06-30T17:18:16.758Z][info] Native host started — pid=5312 — 2 activity(s) loaded.
[2026-06-30T17:18:21.948Z][info] Extension disconnected — clearing presence.
[2026-06-30T17:18:22.080Z][info] Native host started — pid=2764 — 2 activity(s) loaded.
[2026-06-30T17:18:22.097Z][rpc] Connected — clawb1t (1521557457699078214)
[2026-06-30T17:18:22.098Z][rpc] SET_ACTIVITY → {"type":3,"name":"So about that $3,000 Prototype Steam Deck...","details":"Bringus Studios","state":"⏸ Paused","instance":false,"assets":{"large_image":"https://i.ytimg.com/vi/ZILXRqTEl3g/mqdefault.jpg","large_text":"So about that $3,000 Prototype Steam Deck...","small_image":"paused","small_text":"Paused"},"buttons":[{"label":"Watch Video","url":"https://www.youtube.com/watch?v=ZILXRqTEl3g&t=1147s"},{"label":"View Channel","url":"https://www.youtube.com/@BringusStudios"}]}
[2026-06-30T17:18:30.319Z][rpc] Connected — clawb1t (1521199365186785360)
[2026-06-30T17:18:30.319Z][rpc] SET_ACTIVITY → {"type":2,"name":"too much","details":"otuka","state":"YouTube Music","instance":false,"timestamps":{"start":1782839708,"end":1782839980},"assets":{"large_image":"https://yt3.googleusercontent.com/ulMKRaQxFzEuNWizSxSGodBaEsQyVSOsM5IpcfA8ytlg5hhN5PGpdRSxid_G2GWMHNdaMpAYyopeTpXR=w500-h500","large_text":"too much","small_image":"playing","small_text":"Playing"},"buttons":[{"label":"Listen on YouTube Music","url":"https://music.youtube.com/playlist?list=PL2trSvlFU0Tcd159vnjemPYrTX2lIF9bm"}]}
[2026-06-30T17:18:34.734Z][rpc] SET_ACTIVITY → {"type":2,"name":"Doki Doki Forever","details":"OR3O","state":"YouTube Music","instance":false,"timestamps":{"start":1782839914,"end":1782840094},"assets":{"large_image":"https://yt3.googleusercontent.com/ulMKRaQxFzEuNWizSxSGodBaEsQyVSOsM5IpcfA8ytlg5hhN5PGpdRSxid_G2GWMHNdaMpAYyopeTpXR=w500-h500","large_text":"Doki Doki Forever","small_image":"playing","small_text":"Playing"},"buttons":[{"label":"Listen on YouTube Music","url":"https://music.youtube.com/playlist?list=PL2trSvlFU0Tcd159vnjemPYrTX2lIF9bm"}]}
[2026-06-30T17:19:21.382Z][rpc] SET_ACTIVITY → {"type":2,"name":"Sometimes","details":"Mattyeux, Princess Chelsea & Videoclub","state":"YouTube Music","instance":false,"timestamps":{"start":1782839961,"end":1782840171},"assets":{"large_image":"https://yt3.googleusercontent.com/ulMKRaQxFzEuNWizSxSGodBaEsQyVSOsM5IpcfA8ytlg5hhN5PGpdRSxid_G2GWMHNdaMpAYyopeTpXR=w500-h500","large_text":"Sometimes","small_image":"playing","small_text":"Playing"},"buttons":[{"label":"Listen on YouTube Music","url":"https://music.youtube.com/playlist?list=LM"}]}
[2026-06-30T17:19:25.578Z][rpc] SET_ACTIVITY → {"type":2,"name":"Sometimes","details":"Mattyeux, Princess Chelsea & Videoclub","state":"⏸ Paused - YouTube Music","instance":false,"assets":{"large_image":"https://yt3.googleusercontent.com/ulMKRaQxFzEuNWizSxSGodBaEsQyVSOsM5IpcfA8ytlg5hhN5PGpdRSxid_G2GWMHNdaMpAYyopeTpXR=w500-h500","large_text":"Sometimes","small_image":"paused","small_text":"Paused"},"buttons":[{"label":"Listen on YouTube Music","url":"https://music.youtube.com/playlist?list=LM"}]}
[2026-06-30T17:19:31.819Z][rpc] SET_ACTIVITY → {"type":3,"name":"So about that $3,000 Prototype Steam Deck...","details":"Bringus Studios","state":"⏸ Paused","instance":false,"assets":{"large_image":"https://i.ytimg.com/vi/ZILXRqTEl3g/mqdefault.jpg","large_text":"So about that $3,000 Prototype Steam Deck...","small_image":"paused","small_text":"Paused"},"buttons":[{"label":"Watch Video","url":"https://www.youtube.com/watch?v=ZILXRqTEl3g&t=1147s"},{"label":"View Channel","url":"https://www.youtube.com/@BringusStudios"}]}
[2026-06-30T17:19:35.739Z][rpc] SET_ACTIVITY → {"type":2,"name":"Sometimes","details":"Mattyeux, Princess Chelsea & Videoclub","state":"⏸ Paused - YouTube Music","instance":false,"assets":{"large_image":"https://yt3.googleusercontent.com/ulMKRaQxFzEuNWizSxSGodBaEsQyVSOsM5IpcfA8ytlg5hhN5PGpdRSxid_G2GWMHNdaMpAYyopeTpXR=w500-h500","large_text":"Sometimes","small_image":"paused","small_text":"Paused"},"buttons":[{"label":"Listen on YouTube Music","url":"https://music.youtube.com/playlist?list=LM"}]}
[2026-06-30T17:19:37.764Z][rpc] SET_ACTIVITY → {"type":3,"name":"Donkey Van - ✨🎷Luxury Edition🍸✨","details":"Garbage Time","state":"Watching","instance":false,"timestamps":{"start":1782838907,"end":1782840165},"assets":{"large_image":"https://i.ytimg.com/vi/Omldec7cvvI/mqdefault.jpg","large_text":"Donkey Van - ✨🎷Luxury Edition🍸✨","small_image":"playing","small_text":"Watching"},"buttons":[{"label":"Watch Video","url":"https://www.youtube.com/watch?v=Omldec7cvvI&t=1069s"},{"label":"View Channel","url":"https://www.youtube.com/@GarbageTime420"}]}
[2026-06-30T17:19:41.721Z][rpc] SET_ACTIVITY → {"type":3,"name":"Donkey Van - ✨🎷Luxury Edition🍸✨","details":"Garbage Time","state":"⏸ Paused","instance":false,"assets":{"large_image":"https://i.ytimg.com/vi/Omldec7cvvI/mqdefault.jpg","large_text":"Donkey Van - ✨🎷Luxury Edition🍸✨","small_image":"paused","small_text":"Paused"},"buttons":[{"label":"Watch Video","url":"https://www.youtube.com/watch?v=Omldec7cvvI&t=1069s"},{"label":"View Channel","url":"https://www.youtube.com/@GarbageTime420"}]}
[2026-06-30T17:19:47.723Z][rpc] SET_ACTIVITY → {"type":3,"name":"Donkey Van - ✨🎷Luxury Edition🍸✨","details":"Garbage Time","state":"Watching","instance":false,"timestamps":{"start":1782838913,"end":1782840171},"assets":{"large_image":"https://i.ytimg.com/vi/Omldec7cvvI/mqdefault.jpg","large_text":"Donkey Van - ✨🎷Luxury Edition🍸✨","small_image":"playing","small_text":"Watching"},"buttons":[{"label":"Watch Video","url":"https://www.youtube.com/watch?v=Omldec7cvvI&t=1069s"},{"label":"View Channel","url":"https://www.youtube.com/@GarbageTime420"}]}
[2026-06-30T17:20:17.797Z][rpc] SET_ACTIVITY → {"type":2,"name":"Sometimes","details":"Mattyeux, Princess Chelsea & Videoclub","state":"⏸ Paused - YouTube Music","instance":false,"assets":{"large_image":"https://yt3.googleusercontent.com/ulMKRaQxFzEuNWizSxSGodBaEsQyVSOsM5IpcfA8ytlg5hhN5PGpdRSxid_G2GWMHNdaMpAYyopeTpXR=w500-h500","large_text":"Sometimes","small_image":"paused","small_text":"Paused"},"buttons":[{"label":"Listen on YouTube Music","url":"https://music.youtube.com/playlist?list=LM"}]}
[2026-06-30T17:20:50.219Z][rpc] SET_ACTIVITY → {"type":3,"name":"Donkey Van - ✨🎷Luxury Edition🍸✨","details":"Garbage Time","state":"Watching","instance":false,"timestamps":{"start":1782840050,"end":1782840242},"assets":{"large_image":"https://i.ytimg.com/vi/5MS_Fczs_98/mqdefault.jpg","large_text":"Donkey Van - ✨🎷Luxury Edition🍸✨","small_image":"playing","small_text":"Watching"},"buttons":[{"label":"Watch Video","url":"https://www.youtube.com/watch?v=5MS_Fczs_98&list=RD5MS_Fczs_98&start_radio=1"},{"label":"View Channel","url":"https://www.youtube.com/@GarbageTime420"}]}
[2026-06-30T17:20:50.627Z][rpc] SET_ACTIVITY → {"type":3,"name":"Donkey Van - ✨🎷Luxury Edition🍸✨","details":"Garbage Time","state":"Watching","instance":false,"timestamps":{"start":1782840047,"end":1782840239},"assets":{"large_image":"https://i.ytimg.com/vi/5MS_Fczs_98/mqdefault.jpg","large_text":"Donkey Van - ✨🎷Luxury Edition🍸✨","small_image":"playing","small_text":"Watching"},"buttons":[{"label":"Watch Video","url":"https://www.youtube.com/watch?v=5MS_Fczs_98&list=RD5MS_Fczs_98&start_radio=1"},{"label":"View Channel","url":"https://www.youtube.com/@GarbageTime420"}]}
[2026-06-30T17:20:52.208Z][rpc] SET_ACTIVITY → {"type":3,"name":"Tommy Cash - Espresso Macchiato | Estonia 🇪🇪 | Official Music Video | #Eurovision2025","details":"Eurovision Song Contest","state":"Watching","instance":false,"timestamps":{"start":1782840047,"end":1782840239},"assets":{"large_image":"https://i.ytimg.com/vi/5MS_Fczs_98/mqdefault.jpg","large_text":"Tommy Cash - Espresso Macchiato | Estonia 🇪🇪 | Official Music Video | #Eurovision2025","small_image":"playing","small_text":"Watching"},"buttons":[{"label":"Watch Video","url":"https://www.youtube.com/watch?v=5MS_Fczs_98&list=RD5MS_Fczs_98&start_radio=1"},{"label":"View Channel","url":"https://www.youtube.com/@EurovisionSongContest"}]}
[2026-06-30T17:23:25.554Z][info] Extension disconnected — clearing presence.
[2026-06-30T17:23:25.574Z][rpc] Disconnected (1521557457699078214)
[2026-06-30T17:23:25.579Z][rpc] Disconnected (1521199365186785360)
[2026-06-30T17:23:26.503Z][info] Native host started — pid=19988 — 2 activity(s) loaded.
[2026-06-30T17:23:28.245Z][info] Extension disconnected — clearing presence.
[2026-06-30T17:23:28.377Z][info] Native host started — pid=14300 — 2 activity(s) loaded.
[2026-06-30T17:23:28.384Z][rpc] Connected — clawb1t (1521557457699078214)
[2026-06-30T17:23:28.385Z][rpc] SET_ACTIVITY → {"type":3,"name":"Tommy Cash - Espresso Macchiato | Estonia 🇪🇪 | Official Music Video | #Eurovision2025","details":"Eurovision Song Contest","state":"Watching","instance":false,"timestamps":{"start":1782840047,"end":1782840239},"assets":{"large_image":"https://i.ytimg.com/vi/5MS_Fczs_98/mqdefault.jpg","large_text":"Tommy Cash - Espresso Macchiato | Estonia 🇪🇪 | Official Music Video | #Eurovision2025","small_image":"playing","small_text":"Watching"},"buttons":[{"label":"Watch Video","url":"https://www.youtube.com/watch?v=5MS_Fczs_98&list=RD5MS_Fczs_98&start_radio=1"},{"label":"View Channel","url":"https://www.youtube.com/@EurovisionSongContest"}]}
[2026-06-30T17:23:32.393Z][rpc] Image changed (https://i.ytimg.com/vi/5MS_Fczs_98/mqdefault.jpg → youtube_logo), clearing before reset
[2026-06-30T17:23:32.672Z][rpc] SET_ACTIVITY → {"type":3,"name":"YouTube","details":"Browsing...","instance":false,"assets":{"large_image":"youtube_logo","large_text":"YouTube"}}
[2026-06-30T17:23:40.257Z][rpc] Image changed (youtube_logo → https://i.ytimg.com/vi/teA1BPNCAQY/mqdefault.jpg), clearing before reset
[2026-06-30T17:23:40.479Z][rpc] SET_ACTIVITY → {"type":3,"name":"Tommy Cash - Espresso Macchiato | Estonia 🇪🇪 | Official Music Video | #Eurovision2025","details":"Eurovision Song Contest","state":"Watching","instance":false,"timestamps":{"start":1782840220,"end":1782840423},"assets":{"large_image":"https://i.ytimg.com/vi/teA1BPNCAQY/mqdefault.jpg","large_text":"Tommy Cash - Espresso Macchiato | Estonia 🇪🇪 | Official Music Video | #Eurovision2025","small_image":"playing","small_text":"Watching"},"buttons":[{"label":"Watch Video","url":"https://www.youtube.com/watch?v=teA1BPNCAQY&list=RDteA1BPNCAQY&start_radio=1"},{"label":"View Channel","url":"https://www.youtube.com/@EurovisionSongContest"}]}
[2026-06-30T17:23:41.237Z][rpc] SET_ACTIVITY → {"type":3,"name":"『初音ミク V6』記念ソング（Like a Shooting Star）","details":"Hatsune Miku","state":"Watching","instance":false,"timestamps":{"start":1782840220,"end":1782840423},"assets":{"large_image":"https://i.ytimg.com/vi/teA1BPNCAQY/mqdefault.jpg","large_text":"『初音ミク V6』記念ソング（Like a Shooting Star）","small_image":"playing","small_text":"Watching"},"buttons":[{"label":"Watch Video","url":"https://www.youtube.com/watch?v=teA1BPNCAQY&list=RDteA1BPNCAQY&start_radio=1"},{"label":"View Channel","url":"https://www.youtube.com/channel/UCJwGWV914kBlV4dKRn7AEFA"}]}
[2026-06-30T17:23:48.111Z][rpc] SET_ACTIVITY → {"type":3,"name":"『初音ミク V6』記念ソング（Like a Shooting Star）","details":"Hatsune Miku","state":"⏸ Paused","instance":false,"assets":{"large_image":"https://i.ytimg.com/vi/teA1BPNCAQY/mqdefault.jpg","large_text":"『初音ミク V6』記念ソング（Like a Shooting Star）","small_image":"paused","small_text":"Paused"},"buttons":[{"label":"Watch Video","url":"https://www.youtube.com/watch?v=teA1BPNCAQY&list=RDteA1BPNCAQY&start_radio=1"},{"label":"View Channel","url":"https://www.youtube.com/channel/UCJwGWV914kBlV4dKRn7AEFA"}]}
[2026-06-30T17:23:48.869Z][rpc] Connected — clawb1t (1521199365186785360)
[2026-06-30T17:23:48.869Z][rpc] SET_ACTIVITY → {"type":2,"name":"Sometimes","details":"Mattyeux, Princess Chelsea & Videoclub","state":"⏸ Paused - YouTube Music","instance":false,"assets":{"large_image":"https://yt3.googleusercontent.com/ulMKRaQxFzEuNWizSxSGodBaEsQyVSOsM5IpcfA8ytlg5hhN5PGpdRSxid_G2GWMHNdaMpAYyopeTpXR=w500-h500","large_text":"Sometimes","small_image":"paused","small_text":"Paused"},"buttons":[{"label":"Listen on YouTube Music","url":"https://music.youtube.com/playlist?list=LM"}]}
[2026-06-30T17:23:55.856Z][rpc] SET_ACTIVITY → {"type":2,"name":"bleed","details":"Amotti","state":"YouTube Music","instance":false,"timestamps":{"start":1782840234,"end":1782840327},"assets":{"large_image":"https://yt3.googleusercontent.com/ulMKRaQxFzEuNWizSxSGodBaEsQyVSOsM5IpcfA8ytlg5hhN5PGpdRSxid_G2GWMHNdaMpAYyopeTpXR=w500-h500","large_text":"bleed","small_image":"playing","small_text":"Playing"},"buttons":[{"label":"Listen on YouTube Music","url":"https://music.youtube.com/playlist?list=LM"}]}
[2026-06-30T17:24:00.173Z][rpc] SET_ACTIVITY → {"type":2,"name":"Sometimes","details":"Mattyeux, Princess Chelsea & Videoclub","state":"YouTube Music","instance":false,"timestamps":{"start":1782840240,"end":1782840450},"assets":{"large_image":"https://yt3.googleusercontent.com/ulMKRaQxFzEuNWizSxSGodBaEsQyVSOsM5IpcfA8ytlg5hhN5PGpdRSxid_G2GWMHNdaMpAYyopeTpXR=w500-h500","large_text":"Sometimes","small_image":"playing","small_text":"Playing"},"buttons":[{"label":"Listen on YouTube Music","url":"https://music.youtube.com/playlist?list=LM"}]}
[2026-06-30T17:24:20.201Z][rpc] SET_ACTIVITY → {"type":2,"name":"Sometimes","details":"Mattyeux, Princess Chelsea & Videoclub","state":"⏸ Paused - YouTube Music","instance":false,"assets":{"large_image":"https://yt3.googleusercontent.com/ulMKRaQxFzEuNWizSxSGodBaEsQyVSOsM5IpcfA8ytlg5hhN5PGpdRSxid_G2GWMHNdaMpAYyopeTpXR=w500-h500","large_text":"Sometimes","small_image":"paused","small_text":"Paused"},"buttons":[{"label":"Listen on YouTube Music","url":"https://music.youtube.com/playlist?list=LM"}]}
[2026-06-30T17:58:58.798Z][rpc] SET_ACTIVITY → {"type":3,"name":"『初音ミク V6』記念ソング（Like a Shooting Star）","details":"Hatsune Miku","state":"⏸ Paused","instance":false,"assets":{"large_image":"https://i.ytimg.com/vi/teA1BPNCAQY/mqdefault.jpg","large_text":"『初音ミク V6』記念ソング（Like a Shooting Star）","small_image":"paused","small_text":"Paused"},"buttons":[{"label":"Watch Video","url":"https://www.youtube.com/watch?v=teA1BPNCAQY&list=RDteA1BPNCAQY&start_radio=1"},{"label":"View Channel","url":"https://www.youtube.com/channel/UCJwGWV914kBlV4dKRn7AEFA"}]}
[2026-06-30T17:59:01.967Z][rpc] Image changed (https://i.ytimg.com/vi/teA1BPNCAQY/mqdefault.jpg → youtube_logo), clearing before reset
[2026-06-30T17:59:02.179Z][rpc] SET_ACTIVITY → {"type":3,"name":"YouTube","details":"Browsing...","instance":false,"assets":{"large_image":"youtube_logo","large_text":"YouTube"}}
[2026-06-30T17:59:02.496Z][rpc] SET_ACTIVITY → {"type":3,"name":"YouTube","details":"Browsing...","instance":false,"assets":{"large_image":"youtube_logo","large_text":"YouTube"}}
[2026-06-30T17:59:05.721Z][rpc] Image changed (youtube_logo → https://i.ytimg.com/vi/WK5m-k4qWMk/mqdefault.jpg), clearing before reset
[2026-06-30T17:59:05.951Z][rpc] SET_ACTIVITY → {"type":3,"name":"(24) YouTube","details":"YouTube","state":"Watching","instance":false,"timestamps":{"start":1782842345,"end":1782843847},"assets":{"large_image":"https://i.ytimg.com/vi/WK5m-k4qWMk/mqdefault.jpg","large_text":"(24) YouTube","small_image":"playing","small_text":"Watching"},"buttons":[{"label":"Watch Video","url":"https://www.youtube.com/watch?v=WK5m-k4qWMk"}]}
[2026-06-30T17:59:06.919Z][rpc] SET_ACTIVITY → {"type":3,"name":"The Bringus Fried Moron","details":"YouTube","state":"Watching","instance":false,"timestamps":{"start":1782842345,"end":1782843847},"assets":{"large_image":"https://i.ytimg.com/vi/WK5m-k4qWMk/mqdefault.jpg","large_text":"The Bringus Fried Moron","small_image":"playing","small_text":"Watching"},"buttons":[{"label":"Watch Video","url":"https://www.youtube.com/watch?v=WK5m-k4qWMk"}]}
[2026-06-30T17:59:37.004Z][rpc] Image changed (https://i.ytimg.com/vi/WK5m-k4qWMk/mqdefault.jpg → youtube_logo), clearing before reset
[2026-06-30T17:59:37.218Z][rpc] SET_ACTIVITY → {"type":3,"name":"YouTube","details":"Browsing...","instance":false,"assets":{"large_image":"youtube_logo","large_text":"YouTube"}}
[2026-06-30T17:59:37.239Z][rpc] SET_ACTIVITY → {"type":3,"name":"YouTube","details":"Browsing...","instance":false,"assets":{"large_image":"youtube_logo","large_text":"YouTube"}}
[2026-06-30T17:59:57.059Z][rpc] Image changed (youtube_logo → https://i.ytimg.com/vi/QuksuOPRbvI/mqdefault.jpg), clearing before reset
[2026-06-30T17:59:57.285Z][rpc] SET_ACTIVITY → {"type":3,"name":"The Bringus Fried Moron","details":"YouTube","state":"Watching","instance":false,"timestamps":{"start":1782842397,"end":1782843551},"assets":{"large_image":"https://i.ytimg.com/vi/QuksuOPRbvI/mqdefault.jpg","large_text":"The Bringus Fried Moron","small_image":"playing","small_text":"Watching"},"buttons":[{"label":"Watch Video","url":"https://www.youtube.com/watch?v=QuksuOPRbvI"}]}
[2026-06-30T17:59:58.097Z][rpc] SET_ACTIVITY → {"type":3,"name":"Who has the Worst Monitor at Linus Tech Tips?","details":"Linus Tech Tips","state":"Watching","instance":false,"timestamps":{"start":1782842397,"end":1782843551},"assets":{"large_image":"https://i.ytimg.com/vi/QuksuOPRbvI/mqdefault.jpg","large_text":"Who has the Worst Monitor at Linus Tech Tips?","small_image":"playing","small_text":"Watching"},"buttons":[{"label":"Watch Video","url":"https://www.youtube.com/watch?v=QuksuOPRbvI"},{"label":"View Channel","url":"https://www.youtube.com/@LinusTechTips"}]}
[2026-06-30T18:00:22.102Z][rpc] SET_ACTIVITY → {"type":3,"name":"Who has the Worst Monitor at Linus Tech Tips?","details":"Linus Tech Tips","state":"Watching","instance":false,"timestamps":{"start":1782842380,"end":1782843534},"assets":{"large_image":"https://i.ytimg.com/vi/QuksuOPRbvI/mqdefault.jpg","large_text":"Who has the Worst Monitor at Linus Tech Tips?","small_image":"playing","small_text":"Watching"},"buttons":[{"label":"Watch Video","url":"https://www.youtube.com/watch?v=QuksuOPRbvI"},{"label":"View Channel","url":"https://www.youtube.com/@LinusTechTips"}]}
[2026-06-30T18:09:48.219Z][rpc] SET_ACTIVITY → {"type":3,"name":"Who has the Worst Monitor at Linus Tech Tips?","details":"Linus Tech Tips","state":"Watching","instance":false,"timestamps":{"start":1782842386,"end":1782843540},"assets":{"large_image":"https://i.ytimg.com/vi/QuksuOPRbvI/mqdefault.jpg","large_text":"Who has the Worst Monitor at Linus Tech Tips?","small_image":"playing","small_text":"Watching"},"buttons":[{"label":"Watch Video","url":"https://www.youtube.com/watch?v=QuksuOPRbvI"},{"label":"View Channel","url":"https://www.youtube.com/@LinusTechTips"}]}
[2026-06-30T18:09:54.221Z][rpc] SET_ACTIVITY → {"type":3,"name":"Who has the Worst Monitor at Linus Tech Tips?","details":"Linus Tech Tips","state":"Watching","instance":false,"timestamps":{"start":1782842391,"end":1782843545},"assets":{"large_image":"https://i.ytimg.com/vi/QuksuOPRbvI/mqdefault.jpg","large_text":"Who has the Worst Monitor at Linus Tech Tips?","small_image":"playing","small_text":"Watching"},"buttons":[{"label":"Watch Video","url":"https://www.youtube.com/watch?v=QuksuOPRbvI"},{"label":"View Channel","url":"https://www.youtube.com/@LinusTechTips"}]}
[2026-06-30T18:11:02.230Z][rpc] SET_ACTIVITY → {"type":3,"name":"Who has the Worst Monitor at Linus Tech Tips?","details":"Linus Tech Tips","state":"⏸ Paused","instance":false,"assets":{"large_image":"https://i.ytimg.com/vi/QuksuOPRbvI/mqdefault.jpg","large_text":"Who has the Worst Monitor at Linus Tech Tips?","small_image":"paused","small_text":"Paused"},"buttons":[{"label":"Watch Video","url":"https://www.youtube.com/watch?v=QuksuOPRbvI"},{"label":"View Channel","url":"https://www.youtube.com/@LinusTechTips"}]}
[2026-06-30T18:11:04.230Z][rpc] SET_ACTIVITY → {"type":3,"name":"Who has the Worst Monitor at Linus Tech Tips?","details":"Linus Tech Tips","state":"Watching","instance":false,"timestamps":{"start":1782842404,"end":1782843558},"assets":{"large_image":"https://i.ytimg.com/vi/QuksuOPRbvI/mqdefault.jpg","large_text":"Who has the Worst Monitor at Linus Tech Tips?","small_image":"playing","small_text":"Watching"},"buttons":[{"label":"Watch Video","url":"https://www.youtube.com/watch?v=QuksuOPRbvI"},{"label":"View Channel","url":"https://www.youtube.com/@LinusTechTips"}]}
[2026-06-30T18:11:06.230Z][rpc] SET_ACTIVITY → {"type":3,"name":"Who has the Worst Monitor at Linus Tech Tips?","details":"Linus Tech Tips","state":"Watching","instance":false,"timestamps":{"start":1782842409,"end":1782843563},"assets":{"large_image":"https://i.ytimg.com/vi/QuksuOPRbvI/mqdefault.jpg","large_text":"Who has the Worst Monitor at Linus Tech Tips?","small_image":"playing","small_text":"Watching"},"buttons":[{"label":"Watch Video","url":"https://www.youtube.com/watch?v=QuksuOPRbvI"},{"label":"View Channel","url":"https://www.youtube.com/@LinusTechTips"}]}
[2026-06-30T18:11:10.232Z][rpc] SET_ACTIVITY → {"type":3,"name":"Who has the Worst Monitor at Linus Tech Tips?","details":"Linus Tech Tips","state":"⏸ Paused","instance":false,"assets":{"large_image":"https://i.ytimg.com/vi/QuksuOPRbvI/mqdefault.jpg","large_text":"Who has the Worst Monitor at Linus Tech Tips?","small_image":"paused","small_text":"Paused"},"buttons":[{"label":"Watch Video","url":"https://www.youtube.com/watch?v=QuksuOPRbvI"},{"label":"View Channel","url":"https://www.youtube.com/@LinusTechTips"}]}
[2026-06-30T18:11:26.233Z][rpc] SET_ACTIVITY → {"type":3,"name":"Who has the Worst Monitor at Linus Tech Tips?","details":"Linus Tech Tips","state":"Watching","instance":false,"timestamps":{"start":1782842426,"end":1782843580},"assets":{"large_image":"https://i.ytimg.com/vi/QuksuOPRbvI/mqdefault.jpg","large_text":"Who has the Worst Monitor at Linus Tech Tips?","small_image":"playing","small_text":"Watching"},"buttons":[{"label":"Watch Video","url":"https://www.youtube.com/watch?v=QuksuOPRbvI"},{"label":"View Channel","url":"https://www.youtube.com/@LinusTechTips"}]}
[2026-06-30T18:16:36.354Z][rpc] SET_ACTIVITY → {"type":3,"name":"Who has the Worst Monitor at Linus Tech Tips?","details":"Linus Tech Tips","state":"⏸ Paused","instance":false,"assets":{"large_image":"https://i.ytimg.com/vi/QuksuOPRbvI/mqdefault.jpg","large_text":"Who has the Worst Monitor at Linus Tech Tips?","small_image":"paused","small_text":"Paused"},"buttons":[{"label":"Watch Video","url":"https://www.youtube.com/watch?v=QuksuOPRbvI"},{"label":"View Channel","url":"https://www.youtube.com/@LinusTechTips"}]}
[2026-06-30T18:18:24.387Z][rpc] SET_ACTIVITY → {"type":3,"name":"Who has the Worst Monitor at Linus Tech Tips?","details":"Linus Tech Tips","state":"Watching","instance":false,"timestamps":{"start":1782842534,"end":1782843688},"assets":{"large_image":"https://i.ytimg.com/vi/QuksuOPRbvI/mqdefault.jpg","large_text":"Who has the Worst Monitor at Linus Tech Tips?","small_image":"playing","small_text":"Watching"},"buttons":[{"label":"Watch Video","url":"https://www.youtube.com/watch?v=QuksuOPRbvI"},{"label":"View Channel","url":"https://www.youtube.com/@LinusTechTips"}]}
[2026-06-30T18:21:05.389Z][rpc] Image changed (https://i.ytimg.com/vi/QuksuOPRbvI/mqdefault.jpg → https://i.ytimg.com/vi/txTRZh_tiYA/mqdefault.jpg), clearing before reset
[2026-06-30T18:21:05.615Z][rpc] SET_ACTIVITY → {"type":3,"name":"Who has the Worst Monitor at Linus Tech Tips?","details":"Linus Tech Tips","state":"Watching","instance":false,"timestamps":{"start":1782843665,"end":1782844952},"assets":{"large_image":"https://i.ytimg.com/vi/txTRZh_tiYA/mqdefault.jpg","large_text":"Who has the Worst Monitor at Linus Tech Tips?","small_image":"playing","small_text":"Watching"},"buttons":[{"label":"Watch Video","url":"https://www.youtube.com/watch?v=txTRZh_tiYA"},{"label":"View Channel","url":"https://www.youtube.com/@LinusTechTips"}]}
[2026-06-30T18:21:06.626Z][rpc] SET_ACTIVITY → {"type":3,"name":"I replaced my engine oil with cheese.","details":"Garbage Time","state":"Watching","instance":false,"timestamps":{"start":1782843665,"end":1782844952},"assets":{"large_image":"https://i.ytimg.com/vi/txTRZh_tiYA/mqdefault.jpg","large_text":"I replaced my engine oil with cheese.","small_image":"playing","small_text":"Watching"},"buttons":[{"label":"Watch Video","url":"https://www.youtube.com/watch?v=txTRZh_tiYA"},{"label":"View Channel","url":"https://www.youtube.com/@GarbageTime420"}]}
[2026-06-30T18:40:36.833Z][rpc] SET_ACTIVITY → {"type":3,"name":"YouTube","details":"Browsing...","instance":false,"assets":{"large_image":"youtube_logo","large_text":"YouTube"}}
[2026-06-30T18:40:37.694Z][rpc] SET_ACTIVITY → {"type":3,"name":"YouTube","details":"Browsing...","instance":false,"assets":{"large_image":"youtube_logo","large_text":"YouTube"}}
[2026-06-30T18:40:50.759Z][rpc] SET_ACTIVITY → {"type":2,"name":"YouTube Music","details":"Browsing...","instance":false,"assets":{"large_image":"youtube_music_logo","large_text":"YouTube Music"}}
[2026-06-30T18:40:53.247Z][rpc] Image changed (youtube_music_logo → https://yt3.googleusercontent.com/t51GGWWom9WrilAqgEzvd-EjwK10z94bzs13Gpz0bKSoBMer0fSsnCChAYBYePDPg3M8oKllOBI7jHiH=w500-h500), clearing before reset
[2026-06-30T18:40:53.465Z][rpc] SET_ACTIVITY → {"type":2,"name":"Mai","details":"From your iPhone","state":"⏸ Paused - YouTube Music","instance":false,"assets":{"large_image":"https://yt3.googleusercontent.com/t51GGWWom9WrilAqgEzvd-EjwK10z94bzs13Gpz0bKSoBMer0fSsnCChAYBYePDPg3M8oKllOBI7jHiH=w500-h500","large_text":"Mai","small_image":"paused","small_text":"Paused"},"buttons":[{"label":"Listen on YouTube Music","url":"https://music.youtube.com/"}]}
[2026-06-30T18:41:01.259Z][rpc] SET_ACTIVITY → {"type":2,"name":"Mai","details":"From your iPhone","state":"YouTube Music","instance":false,"timestamps":{"start":1782844861,"end":1782845077},"assets":{"large_image":"https://yt3.googleusercontent.com/t51GGWWom9WrilAqgEzvd-EjwK10z94bzs13Gpz0bKSoBMer0fSsnCChAYBYePDPg3M8oKllOBI7jHiH=w500-h500","large_text":"Mai","small_image":"playing","small_text":"Playing"},"buttons":[{"label":"Listen on YouTube Music","url":"https://music.youtube.com/"}]}
[2026-06-30T18:41:03.259Z][rpc] SET_ACTIVITY → {"type":2,"name":"Mai","details":"Videoclub","state":"Euphories","instance":false,"timestamps":{"start":1782844861,"end":1782845077},"assets":{"large_image":"https://yt3.googleusercontent.com/t51GGWWom9WrilAqgEzvd-EjwK10z94bzs13Gpz0bKSoBMer0fSsnCChAYBYePDPg3M8oKllOBI7jHiH=w500-h500","large_text":"Mai","small_image":"playing","small_text":"Playing"},"buttons":[{"label":"Listen on YouTube Music","url":"https://music.youtube.com/"}]}
[2026-06-30T18:41:09.012Z][rpc] Image changed (https://yt3.googleusercontent.com/t51GGWWom9WrilAqgEzvd-EjwK10z94bzs13Gpz0bKSoBMer0fSsnCChAYBYePDPg3M8oKllOBI7jHiH=w500-h500 → https://yt3.googleusercontent.com/2QY70czid4AiF0PNMeVyJWRSfC0PYXSSHr1Zx524HVf5smSW2gvXuu1bOhp7FZrOEGqUuxLWJZVOpAmX=w500-h500), clearing before reset
[2026-06-30T18:41:09.230Z][rpc] SET_ACTIVITY → {"type":2,"name":"Sometimes","details":"Mattyeux, Princess Chelsea & Videoclub","state":"YouTube Music","instance":false,"timestamps":{"start":1782844869,"end":1782845079},"assets":{"large_image":"https://yt3.googleusercontent.com/2QY70czid4AiF0PNMeVyJWRSfC0PYXSSHr1Zx524HVf5smSW2gvXuu1bOhp7FZrOEGqUuxLWJZVOpAmX=w500-h500","large_text":"Sometimes","small_image":"playing","small_text":"Playing"},"buttons":[{"label":"Listen on YouTube Music","url":"https://music.youtube.com/playlist?list=LM"}]}
[2026-06-30T18:42:59.662Z][rpc] Image changed (https://yt3.googleusercontent.com/2QY70czid4AiF0PNMeVyJWRSfC0PYXSSHr1Zx524HVf5smSW2gvXuu1bOhp7FZrOEGqUuxLWJZVOpAmX=w500-h500 → https://yt3.googleusercontent.com/UhIFHJj9VqZLtltgITpOt82c5RjW5yIH_lj6ekixE-bPSchYJC_uJwzMuPj4TSxQsPAtHU9gE6kWvGNymg=w500-h500), clearing before reset
[2026-06-30T18:42:59.879Z][rpc] SET_ACTIVITY → {"type":2,"name":"Cigarette Duet","details":"Princess Chelsea","state":"Lil' Golden Book","instance":false,"timestamps":{"start":1782844979,"end":1782845239},"assets":{"large_image":"https://yt3.googleusercontent.com/UhIFHJj9VqZLtltgITpOt82c5RjW5yIH_lj6ekixE-bPSchYJC_uJwzMuPj4TSxQsPAtHU9gE6kWvGNymg=w500-h500","large_text":"Cigarette Duet","small_image":"playing","small_text":"Playing"},"buttons":[{"label":"Listen on YouTube Music","url":"https://music.youtube.com/@wonderfulprincesschelsea"}]}
[2026-06-30T18:43:01.662Z][rpc] SET_ACTIVITY → {"type":2,"name":"Cigarette Duet","details":"Princess Chelsea","state":"Lil' Golden Book","instance":false,"timestamps":{"start":1782844949,"end":1782845209},"assets":{"large_image":"https://yt3.googleusercontent.com/UhIFHJj9VqZLtltgITpOt82c5RjW5yIH_lj6ekixE-bPSchYJC_uJwzMuPj4TSxQsPAtHU9gE6kWvGNymg=w500-h500","large_text":"Cigarette Duet","small_image":"playing","small_text":"Playing"},"buttons":[{"label":"Listen on YouTube Music","url":"https://music.youtube.com/@wonderfulprincesschelsea"}]}
[2026-06-30T18:43:03.664Z][rpc] SET_ACTIVITY → {"type":2,"name":"Cigarette Duet","details":"Princess Chelsea","state":"Lil' Golden Book","instance":false,"timestamps":{"start":1782844925,"end":1782845185},"assets":{"large_image":"https://yt3.googleusercontent.com/UhIFHJj9VqZLtltgITpOt82c5RjW5yIH_lj6ekixE-bPSchYJC_uJwzMuPj4TSxQsPAtHU9gE6kWvGNymg=w500-h500","large_text":"Cigarette Duet","small_image":"playing","small_text":"Playing"},"buttons":[{"label":"Listen on YouTube Music","url":"https://music.youtube.com/@wonderfulprincesschelsea"}]}
[2026-06-30T18:43:05.663Z][rpc] Image changed (https://yt3.googleusercontent.com/UhIFHJj9VqZLtltgITpOt82c5RjW5yIH_lj6ekixE-bPSchYJC_uJwzMuPj4TSxQsPAtHU9gE6kWvGNymg=w500-h500 → https://yt3.googleusercontent.com/GcU-1kyqc8FYEN-n_WOmcwhL9K7_-PrWjNGveO-j0PLcWXRIyOVZb9Y2NioTUSh9nqdvRH1Z7QKEs1A2=w500-h500), clearing before reset
[2026-06-30T18:43:05.888Z][rpc] SET_ACTIVITY → {"type":2,"name":"I Love My Boyfriend","details":"Princess Chelsea","state":"The Loneliest Girl","instance":false,"timestamps":{"start":1782844985,"end":1782845232},"assets":{"large_image":"https://yt3.googleusercontent.com/GcU-1kyqc8FYEN-n_WOmcwhL9K7_-PrWjNGveO-j0PLcWXRIyOVZb9Y2NioTUSh9nqdvRH1Z7QKEs1A2=w500-h500","large_text":"I Love My Boyfriend","small_image":"playing","small_text":"Playing"},"buttons":[{"label":"Listen on YouTube Music","url":"https://music.youtube.com/@wonderfulprincesschelsea"}]}
[2026-06-30T18:43:07.663Z][rpc] SET_ACTIVITY → {"type":2,"name":"I Love My Boyfriend","details":"Princess Chelsea","state":"The Loneliest Girl","instance":false,"timestamps":{"start":1782844930,"end":1782845177},"assets":{"large_image":"https://yt3.googleusercontent.com/GcU-1kyqc8FYEN-n_WOmcwhL9K7_-PrWjNGveO-j0PLcWXRIyOVZb9Y2NioTUSh9nqdvRH1Z7QKEs1A2=w500-h500","large_text":"I Love My Boyfriend","small_image":"playing","small_text":"Playing"},"buttons":[{"label":"Listen on YouTube Music","url":"https://music.youtube.com/@wonderfulprincesschelsea"}]}
[2026-06-30T18:43:16.186Z][rpc] Image changed (https://yt3.googleusercontent.com/GcU-1kyqc8FYEN-n_WOmcwhL9K7_-PrWjNGveO-j0PLcWXRIyOVZb9Y2NioTUSh9nqdvRH1Z7QKEs1A2=w500-h500 → https://yt3.googleusercontent.com/oNyETw009VNQuaPL8zFrBU9GzXiftrwjuppVk2qswkxurFZ2B_PektFcGtE8ulHPamsuWTrD5SWaUKk=w500-h500), clearing before reset
[2026-06-30T18:43:16.417Z][rpc] SET_ACTIVITY → {"type":2,"name":"SPIT IN MY FACE!","details":"ThxSoMch","state":"YouTube Music","instance":false,"timestamps":{"start":1782844996,"end":1782845144},"assets":{"large_image":"https://yt3.googleusercontent.com/oNyETw009VNQuaPL8zFrBU9GzXiftrwjuppVk2qswkxurFZ2B_PektFcGtE8ulHPamsuWTrD5SWaUKk=w500-h500","large_text":"SPIT IN MY FACE!","small_image":"playing","small_text":"Playing"},"buttons":[{"label":"Listen on YouTube Music","url":"https://music.youtube.com/playlist?list=PLkUFPc7lRm2hvuQ5TFo1IZXxmID8wU0G4"}]}
[2026-06-30T18:45:44.210Z][rpc] Image changed (https://yt3.googleusercontent.com/oNyETw009VNQuaPL8zFrBU9GzXiftrwjuppVk2qswkxurFZ2B_PektFcGtE8ulHPamsuWTrD5SWaUKk=w500-h500 → https://yt3.googleusercontent.com/1-5WE-cr5LkGgrtDNi4uYF0UYpncwsJI2XsAds7u_WH4_oE5qfaYYj-d4AT7XxrYT927jfleXEfLR6Xp=w500-h500), clearing before reset
[2026-06-30T18:45:44.429Z][rpc] SET_ACTIVITY → {"type":2,"name":"i like the way you kiss me (burnt)","details":"Artemas","state":"YouTube Music","instance":false,"timestamps":{"start":1782844996,"end":1782845173},"assets":{"large_image":"https://yt3.googleusercontent.com/1-5WE-cr5LkGgrtDNi4uYF0UYpncwsJI2XsAds7u_WH4_oE5qfaYYj-d4AT7XxrYT927jfleXEfLR6Xp=w500-h500","large_text":"i like the way you kiss me (burnt)","small_image":"playing","small_text":"Playing"},"buttons":[{"label":"Listen on YouTube Music","url":"https://music.youtube.com/playlist?list=PLkUFPc7lRm2hvuQ5TFo1IZXxmID8wU0G4"}]}
[2026-06-30T18:48:26.307Z][rpc] Image changed (https://yt3.googleusercontent.com/1-5WE-cr5LkGgrtDNi4uYF0UYpncwsJI2XsAds7u_WH4_oE5qfaYYj-d4AT7XxrYT927jfleXEfLR6Xp=w500-h500 → https://yt3.googleusercontent.com/tJ0Tm8TrbRXvArkR8MOdVzRHX8dgKapHaI4aAjqPnZSRSmpOPSZ9ws7AgK3DzTK5n8YfvkOtsk9MMZY=w500-h500), clearing before reset
[2026-06-30T18:48:26.519Z][rpc] SET_ACTIVITY → {"type":2,"name":"Keep It Tucked","details":"ThxSoMch","state":"YouTube Music","instance":false,"timestamps":{"start":1782844996,"end":1782845322},"assets":{"large_image":"https://yt3.googleusercontent.com/tJ0Tm8TrbRXvArkR8MOdVzRHX8dgKapHaI4aAjqPnZSRSmpOPSZ9ws7AgK3DzTK5n8YfvkOtsk9MMZY=w500-h500","large_text":"Keep It Tucked","small_image":"playing","small_text":"Playing"},"buttons":[{"label":"Listen on YouTube Music","url":"https://music.youtube.com/playlist?list=PLkUFPc7lRm2hvuQ5TFo1IZXxmID8wU0G4"}]}
[2026-06-30T18:51:08.332Z][rpc] Image changed (https://yt3.googleusercontent.com/tJ0Tm8TrbRXvArkR8MOdVzRHX8dgKapHaI4aAjqPnZSRSmpOPSZ9ws7AgK3DzTK5n8YfvkOtsk9MMZY=w500-h500 → https://yt3.googleusercontent.com/3q3l_WaOdtpay_8_hHquhbsbOoong4Up1K5q1W9PKJg7qgis3kTp_QdNFCzuk22VgzLDJNUB8uzuW8Vvkg=w500-h500), clearing before reset
[2026-06-30T18:51:08.557Z][rpc] SET_ACTIVITY → {"type":2,"name":"Summertime","details":"Mareux","state":"Predestiny","instance":false,"timestamps":{"start":1782845467,"end":1782845685},"assets":{"large_image":"https://yt3.googleusercontent.com/3q3l_WaOdtpay_8_hHquhbsbOoong4Up1K5q1W9PKJg7qgis3kTp_QdNFCzuk22VgzLDJNUB8uzuW8Vvkg=w500-h500","large_text":"Summertime","small_image":"playing","small_text":"Playing"},"buttons":[{"label":"Listen on YouTube Music","url":"https://music.youtube.com/playlist?list=PLkUFPc7lRm2hvuQ5TFo1IZXxmID8wU0G4"}]}
[2026-06-30T18:53:46.755Z][info] Extension disconnected — clearing presence.
[2026-06-30T18:53:46.779Z][rpc] Disconnected (1521557457699078214)
[2026-06-30T18:53:46.789Z][rpc] Disconnected (1521199365186785360)
[2026-06-30T18:53:47.067Z][info] Native host started — pid=1096 — 2 activity(s) loaded.
[2026-06-30T18:53:47.074Z][rpc] Connected — clawb1t (1521199365186785360)
[2026-06-30T18:53:47.075Z][rpc] SET_ACTIVITY → {"type":2,"name":"Summertime","details":"Mareux","state":"Predestiny","instance":false,"timestamps":{"start":1782845468,"end":1782845686},"assets":{"large_image":"https://yt3.googleusercontent.com/3q3l_WaOdtpay_8_hHquhbsbOoong4Up1K5q1W9PKJg7qgis3kTp_QdNFCzuk22VgzLDJNUB8uzuW8Vvkg=w500-h500","large_text":"Summertime","small_image":"playing","small_text":"Playing"},"buttons":[{"label":"Listen on YouTube Music","url":"https://music.youtube.com/playlist?list=PLkUFPc7lRm2hvuQ5TFo1IZXxmID8wU0G4"}]}
[2026-06-30T18:53:51.340Z][warn] Updater: host version check failed — HTTP 404 — https://api.github.com/repos/Clawb1t/Syncr/releases/latest
[2026-06-30T18:53:51.477Z][info] Updater: activity "youtube-music" updated
[2026-06-30T18:53:51.489Z][info] Updater: activity "youtube" updated
[2026-06-30T18:53:51.490Z][info] Hot-reloaded activity: youtube-music
[2026-06-30T18:53:51.490Z][info] Hot-reloaded activity: youtube
[2026-06-30T18:54:45.233Z][rpc] Image changed (https://yt3.googleusercontent.com/3q3l_WaOdtpay_8_hHquhbsbOoong4Up1K5q1W9PKJg7qgis3kTp_QdNFCzuk22VgzLDJNUB8uzuW8Vvkg=w500-h500 → https://yt3.googleusercontent.com/T6NRrCSn7UPAh6_i4rGKZk9ZU7q9sgyiv0rbKAQW_PJpelKjmVmvgOARAxrGeamTz8Vgow9Y2CJXEkQ=w500-h500), clearing before reset
[2026-06-30T18:54:45.463Z][rpc] SET_ACTIVITY → {"type":2,"name":"Vanished","details":"Crystal Castles","state":"Crystal Castles","instance":false,"timestamps":{"start":1782845467,"end":1782845710},"assets":{"large_image":"https://yt3.googleusercontent.com/T6NRrCSn7UPAh6_i4rGKZk9ZU7q9sgyiv0rbKAQW_PJpelKjmVmvgOARAxrGeamTz8Vgow9Y2CJXEkQ=w500-h500","large_text":"Vanished","small_image":"playing","small_text":"Playing"},"buttons":[{"label":"Listen on YouTube Music","url":"https://music.youtube.com/playlist?list=PLkUFPc7lRm2hvuQ5TFo1IZXxmID8wU0G4"}]}
[2026-06-30T18:58:49.252Z][rpc] Image changed (https://yt3.googleusercontent.com/T6NRrCSn7UPAh6_i4rGKZk9ZU7q9sgyiv0rbKAQW_PJpelKjmVmvgOARAxrGeamTz8Vgow9Y2CJXEkQ=w500-h500 → https://yt3.googleusercontent.com/PqX8P-tET-V12LJ1TrxHpcvVPbmgCxz6wxP0pc6QxnHCa14U9Hy-MIA6WjAaWPdMHnmCQ7_qlgsfKypc=w500-h500), clearing before reset
[2026-06-30T18:58:49.467Z][rpc] SET_ACTIVITY → {"type":2,"name":"Imperfect Girl","details":"ThxSoMch & thekid.ACE","state":"YouTube Music","instance":false,"timestamps":{"start":1782845467,"end":1782845957},"assets":{"large_image":"https://yt3.googleusercontent.com/PqX8P-tET-V12LJ1TrxHpcvVPbmgCxz6wxP0pc6QxnHCa14U9Hy-MIA6WjAaWPdMHnmCQ7_qlgsfKypc=w500-h500","large_text":"Imperfect Girl","small_image":"playing","small_text":"Playing"},"buttons":[{"label":"Listen on YouTube Music","url":"https://music.youtube.com/playlist?list=PLkUFPc7lRm2hvuQ5TFo1IZXxmID8wU0G4"}]}
[2026-06-30T18:59:48.639Z][info] Extension disconnected — clearing presence.
[2026-06-30T18:59:48.648Z][rpc] Disconnected (1521199365186785360)
